<?xml version="1.0" encoding="UTF-8"?>
<testsuite name="ru.stqa.pft.sandbox.EquationTests" tests="6" skipped="0" failures="0" errors="0" timestamp="2019-10-30T11:27:38" hostname="wd-05384" time="0.017">
  <properties/>
  <testcase name="testZero" classname="ru.stqa.pft.sandbox.EquationTests" time="0.005"/>
  <testcase name="test0" classname="ru.stqa.pft.sandbox.EquationTests" time="0.002"/>
  <testcase name="test1" classname="ru.stqa.pft.sandbox.EquationTests" time="0.0"/>
  <testcase name="test2" classname="ru.stqa.pft.sandbox.EquationTests" time="0.0"/>
  <testcase name="testConstant" classname="ru.stqa.pft.sandbox.EquationTests" time="0.001"/>
  <testcase name="testLinear" classname="ru.stqa.pft.sandbox.EquationTests" time="0.002"/>
  <system-out><![CDATA[]]></system-out>
  <system-err><![CDATA[]]></system-err>
</testsuite>
